<?xml version="1.0" encoding="UTF-8"?>
<robot generator="Robot 6.1 (Python 3.11.4 on darwin)" generated="20230726 20:02:07.996" rpa="false" schemaversion="4">
<suite id="s1" name="Weronika Robotframework" source="/Users/weronika/PycharmProjects/weronika_robotframework">
<suite id="s1-s1" name="Test Login 1" source="/Users/weronika/PycharmProjects/weronika_robotframework/test_login_1.robot">
<test id="s1-s1-t1" name="Add Player" line="72">
<kw name="Open login page">
<kw name="Open Browser" library="SeleniumLibrary">
<arg>${LOGIN URL}</arg>
<arg>${BROWSER}</arg>
<doc>Opens a new browser instance to the optional ``url``.</doc>
<msg timestamp="20230726 20:02:08.148" level="INFO">Opening browser 'Chrome' to base url 'https://scouts-test.futbolkolektyw.pl/en'.</msg>
<msg timestamp="20230726 20:02:08.149" level="INFO">Executing: /Users/weronika/PycharmProjects/weronika_robotframework/venv/lib/python3.11/site-packages/selenium/webdriver/common/macos/selenium-manager --browser chrome --output json</msg>
<status status="PASS" starttime="20230726 20:02:08.148" endtime="20230726 20:02:22.149"/>
</kw>
<kw name="Title Should Be" library="SeleniumLibrary">
<arg>Scouts panel - sign in</arg>
<doc>Verifies that the current page title equals ``title``.</doc>
<msg timestamp="20230726 20:02:22.194" level="INFO">Page title is 'Scouts panel - sign in'.</msg>
<status status="PASS" starttime="20230726 20:02:22.150" endtime="20230726 20:02:22.194"/>
</kw>
<status status="PASS" starttime="20230726 20:02:08.148" endtime="20230726 20:02:22.194"/>
</kw>
<kw name="Type in email">
<kw name="Input Text" library="SeleniumLibrary">
<arg>${EMAIL}</arg>
<arg>user05@getnada.com</arg>
<doc>Types the given ``text`` into the text field identified by ``locator``.</doc>
<msg timestamp="20230726 20:02:22.196" level="INFO">Typing text 'user05@getnada.com' into text field 'xpath=//*[@id='login']'.</msg>
<status status="PASS" starttime="20230726 20:02:22.195" endtime="20230726 20:02:26.462"/>
</kw>
<status status="PASS" starttime="20230726 20:02:22.194" endtime="20230726 20:02:26.463"/>
</kw>
<kw name="Type in password">
<kw name="Input Text" library="SeleniumLibrary">
<arg>${PASSWORD}</arg>
<arg>Test-1234</arg>
<doc>Types the given ``text`` into the text field identified by ``locator``.</doc>
<msg timestamp="20230726 20:02:26.463" level="INFO">Typing text 'Test-1234' into text field 'xpath=//*[@id='password']'.</msg>
<status status="PASS" starttime="20230726 20:02:26.463" endtime="20230726 20:02:29.514"/>
</kw>
<status status="PASS" starttime="20230726 20:02:26.463" endtime="20230726 20:02:29.514"/>
</kw>
<kw name="Click on the sign button">
<kw name="Click Element" library="SeleniumLibrary">
<arg>xpath=//span[1]</arg>
<doc>Click the element identified by ``locator``.</doc>
<msg timestamp="20230726 20:02:29.515" level="INFO">Clicking element 'xpath=//span[1]'.</msg>
<status status="PASS" starttime="20230726 20:02:29.515" endtime="20230726 20:02:31.032"/>
</kw>
<status status="PASS" starttime="20230726 20:02:29.515" endtime="20230726 20:02:31.032"/>
</kw>
<kw name="Open dashboard">
<kw name="Wait Until Element Is Visible" library="SeleniumLibrary">
<arg>${PAGELOGO_D}</arg>
<doc>Waits until the element ``locator`` is visible.</doc>
<status status="PASS" starttime="20230726 20:02:31.032" endtime="20230726 20:02:36.841"/>
</kw>
<kw name="Title Should Be" library="SeleniumLibrary">
<arg>Scouts panel</arg>
<doc>Verifies that the current page title equals ``title``.</doc>
<msg timestamp="20230726 20:02:36.844" level="INFO">Page title is 'Scouts panel'.</msg>
<status status="PASS" starttime="20230726 20:02:36.841" endtime="20230726 20:02:36.844"/>
</kw>
<status status="PASS" starttime="20230726 20:02:31.032" endtime="20230726 20:02:36.845"/>
</kw>
<kw name="Click on the add player button">
<kw name="Click Element" library="SeleniumLibrary">
<arg>xpath=//*[text()='Add player']</arg>
<doc>Click the element identified by ``locator``.</doc>
<msg timestamp="20230726 20:02:36.846" level="INFO">Clicking element 'xpath=//*[text()='Add player']'.</msg>
<status status="PASS" starttime="20230726 20:02:36.845" endtime="20230726 20:02:38.117"/>
</kw>
<kw name="Sleep" library="BuiltIn">
<arg>3s</arg>
<doc>Pauses the test executed for the given time.</doc>
<msg timestamp="20230726 20:02:41.120" level="INFO">Slept 3 seconds</msg>
<status status="PASS" starttime="20230726 20:02:38.117" endtime="20230726 20:02:41.120"/>
</kw>
<status status="PASS" starttime="20230726 20:02:36.845" endtime="20230726 20:02:41.120"/>
</kw>
<kw name="Open add player page">
<kw name="Wait Until Element Is Visible" library="SeleniumLibrary">
<arg>${ADD PLAYER LOGO}</arg>
<doc>Waits until the element ``locator`` is visible.</doc>
<status status="PASS" starttime="20230726 20:02:41.120" endtime="20230726 20:02:42.734"/>
</kw>
<kw name="Title Should Be" library="SeleniumLibrary">
<arg>Add player</arg>
<doc>Verifies that the current page title equals ``title``.</doc>
<msg timestamp="20230726 20:02:42.738" level="INFO">Page title is 'Add player'.</msg>
<status status="PASS" starttime="20230726 20:02:42.735" endtime="20230726 20:02:42.738"/>
</kw>
<status status="PASS" starttime="20230726 20:02:41.120" endtime="20230726 20:02:42.738"/>
</kw>
<kw name="Type in player's email">
<kw name="Input Text" library="SeleniumLibrary">
<arg>${EMAIL_P}</arg>
<arg>karol.lis@gmail.com</arg>
<doc>Types the given ``text`` into the text field identified by ``locator``.</doc>
<msg timestamp="20230726 20:02:42.739" level="INFO">Typing text 'karol.lis@gmail.com' into text field 'xpath=//*[@name='email']'.</msg>
<status status="PASS" starttime="20230726 20:02:42.739" endtime="20230726 20:02:44.915"/>
</kw>
<status status="PASS" starttime="20230726 20:02:42.738" endtime="20230726 20:02:44.915"/>
</kw>
<kw name="Type in name">
<kw name="Input Text" library="SeleniumLibrary">
<arg>${NAME}</arg>
<arg>Karol</arg>
<doc>Types the given ``text`` into the text field identified by ``locator``.</doc>
<msg timestamp="20230726 20:02:44.916" level="INFO">Typing text 'Karol' into text field 'xpath=//*[@name='name']'.</msg>
<status status="PASS" starttime="20230726 20:02:44.916" endtime="20230726 20:02:45.363"/>
</kw>
<status status="PASS" starttime="20230726 20:02:44.915" endtime="20230726 20:02:45.364"/>
</kw>
<kw name="Type in surname">
<kw name="Input Text" library="SeleniumLibrary">
<arg>${SURNAME}</arg>
<arg>Lis</arg>
<doc>Types the given ``text`` into the text field identified by ``locator``.</doc>
<msg timestamp="20230726 20:02:45.364" level="INFO">Typing text 'Lis' into text field 'xpath=//*[@name='surname']'.</msg>
<status status="PASS" starttime="20230726 20:02:45.364" endtime="20230726 20:02:45.832"/>
</kw>
<status status="PASS" starttime="20230726 20:02:45.364" endtime="20230726 20:02:45.832"/>
</kw>
<kw name="Type in phone">
<kw name="Input Text" library="SeleniumLibrary">
<arg>${PHONE}</arg>
<arg>+48 243 908 111</arg>
<doc>Types the given ``text`` into the text field identified by ``locator``.</doc>
<msg timestamp="20230726 20:02:45.833" level="INFO">Typing text '+48 243 908 111' into text field 'xpath=//*[@name='phone']'.</msg>
<status status="PASS" starttime="20230726 20:02:45.833" endtime="20230726 20:02:46.530"/>
</kw>
<status status="PASS" starttime="20230726 20:02:45.832" endtime="20230726 20:02:46.530"/>
</kw>
<kw name="Type in weight">
<kw name="Input Text" library="SeleniumLibrary">
<arg>${WEIGHT}</arg>
<arg>95</arg>
<doc>Types the given ``text`` into the text field identified by ``locator``.</doc>
<msg timestamp="20230726 20:02:46.531" level="INFO">Typing text '95' into text field 'xpath=//*[@name='weight']'.</msg>
<status status="PASS" starttime="20230726 20:02:46.530" endtime="20230726 20:02:47.018"/>
</kw>
<status status="PASS" starttime="20230726 20:02:46.530" endtime="20230726 20:02:47.018"/>
</kw>
<kw name="Type in height">
<kw name="Input Text" library="SeleniumLibrary">
<arg>${HEIGHT}</arg>
<arg>192</arg>
<doc>Types the given ``text`` into the text field identified by ``locator``.</doc>
<msg timestamp="20230726 20:02:47.019" level="INFO">Typing text '192' into text field 'xpath=//*[@name='height']'.</msg>
<status status="PASS" starttime="20230726 20:02:47.018" endtime="20230726 20:02:48.260"/>
</kw>
<status status="PASS" starttime="20230726 20:02:47.018" endtime="20230726 20:02:48.261"/>
</kw>
<kw name="Type in age">
<kw name="Input Text" library="SeleniumLibrary">
<arg>${AGE}</arg>
<arg>17.05.1999</arg>
<doc>Types the given ``text`` into the text field identified by ``locator``.</doc>
<msg timestamp="20230726 20:02:48.262" level="INFO">Typing text '17.05.1999' into text field 'xpath=//*[@name='age']'.</msg>
<status status="PASS" starttime="20230726 20:02:48.262" endtime="20230726 20:02:48.651"/>
</kw>
<status status="PASS" starttime="20230726 20:02:48.261" endtime="20230726 20:02:48.651"/>
</kw>
<kw name="Type in leg">
<kw name="Click Element" library="SeleniumLibrary">
<arg>${LEG}</arg>
<doc>Click the element identified by ``locator``.</doc>
<msg timestamp="20230726 20:02:48.652" level="INFO">Clicking element 'xpath=//*[@id='mui-component-select-leg']'.</msg>
<status status="PASS" starttime="20230726 20:02:48.651" endtime="20230726 20:02:50.036"/>
</kw>
<status status="PASS" starttime="20230726 20:02:48.651" endtime="20230726 20:02:50.036"/>
</kw>
<kw name="Select leg">
<kw name="Click Element" library="SeleniumLibrary">
<arg>${LEFT_LEG}</arg>
<doc>Click the element identified by ``locator``.</doc>
<msg timestamp="20230726 20:02:50.037" level="INFO">Clicking element 'xpath=//*[@id='menu-leg']/div[3]/ul/li[2]'.</msg>
<status status="PASS" starttime="20230726 20:02:50.036" endtime="20230726 20:02:50.592"/>
</kw>
<status status="PASS" starttime="20230726 20:02:50.036" endtime="20230726 20:02:50.592"/>
</kw>
<kw name="Type in club">
<kw name="Input Text" library="SeleniumLibrary">
<arg>${CLUB}</arg>
<arg>Manchester</arg>
<doc>Types the given ``text`` into the text field identified by ``locator``.</doc>
<msg timestamp="20230726 20:02:50.593" level="INFO">Typing text 'Manchester' into text field 'xpath=//*[@name='club']'.</msg>
<status status="PASS" starttime="20230726 20:02:50.592" endtime="20230726 20:02:51.288"/>
</kw>
<status status="PASS" starttime="20230726 20:02:50.592" endtime="20230726 20:02:51.288"/>
</kw>
<kw name="Type in position">
<kw name="Input Text" library="SeleniumLibrary">
<arg>${POSITION}</arg>
<arg>Goalkeeper</arg>
<doc>Types the given ``text`` into the text field identified by ``locator``.</doc>
<msg timestamp="20230726 20:02:51.289" level="INFO">Typing text 'Goalkeeper' into text field 'xpath=//*[@name='mainPosition']'.</msg>
<status status="PASS" starttime="20230726 20:02:51.288" endtime="20230726 20:02:51.700"/>
</kw>
<status status="PASS" starttime="20230726 20:02:51.288" endtime="20230726 20:02:51.700"/>
</kw>
<kw name="Type in district">
<kw name="Click Element" library="SeleniumLibrary">
<arg>${DISTRICT}</arg>
<doc>Click the element identified by ``locator``.</doc>
<msg timestamp="20230726 20:02:51.701" level="INFO">Clicking element 'xpath=//*[@id='mui-component-select-district']'.</msg>
<status status="PASS" starttime="20230726 20:02:51.700" endtime="20230726 20:02:52.350"/>
</kw>
<status status="PASS" starttime="20230726 20:02:51.700" endtime="20230726 20:02:52.350"/>
</kw>
<kw name="Select district">
<kw name="Click Element" library="SeleniumLibrary">
<arg>${CHOSEN_DISTRICT}</arg>
<doc>Click the element identified by ``locator``.</doc>
<msg timestamp="20230726 20:02:52.351" level="INFO">Clicking element 'xpath=//*[@id='menu-district']/div[3]/ul/li[8]'.</msg>
<status status="PASS" starttime="20230726 20:02:52.350" endtime="20230726 20:02:52.880"/>
</kw>
<status status="PASS" starttime="20230726 20:02:52.350" endtime="20230726 20:02:52.880"/>
</kw>
<kw name="Type in achievements">
<kw name="Input Text" library="SeleniumLibrary">
<arg>${ACHIEVEMENTS}</arg>
<arg>None</arg>
<doc>Types the given ``text`` into the text field identified by ``locator``.</doc>
<msg timestamp="20230726 20:02:52.880" level="INFO">Typing text 'None' into text field 'xpath=//*[@name='achievements']'.</msg>
<status status="PASS" starttime="20230726 20:02:52.880" endtime="20230726 20:02:53.580"/>
</kw>
<status status="PASS" starttime="20230726 20:02:52.880" endtime="20230726 20:02:53.580"/>
</kw>
<kw name="Type in language">
<kw name="Click Element" library="SeleniumLibrary">
<arg>${ADD_LANGUAGE}</arg>
<doc>Click the element identified by ``locator``.</doc>
<msg timestamp="20230726 20:02:53.581" level="INFO">Clicking element 'xpath=//*[text()='Add language']'.</msg>
<status status="PASS" starttime="20230726 20:02:53.580" endtime="20230726 20:02:54.198"/>
</kw>
<kw name="Input Text" library="SeleniumLibrary">
<arg>${ENTER_LANGUAGE}</arg>
<arg>Polish</arg>
<doc>Types the given ``text`` into the text field identified by ``locator``.</doc>
<msg timestamp="20230726 20:02:54.199" level="INFO">Typing text 'Polish' into text field 'xpath=//*/div[15]/div/div/div/input'.</msg>
<status status="PASS" starttime="20230726 20:02:54.199" endtime="20230726 20:02:54.741"/>
</kw>
<status status="PASS" starttime="20230726 20:02:53.580" endtime="20230726 20:02:54.742"/>
</kw>
<kw name="Click Submit Button">
<kw name="Click Element" library="SeleniumLibrary">
<arg>${SUBMIT}</arg>
<doc>Click the element identified by ``locator``.</doc>
<msg timestamp="20230726 20:02:54.743" level="INFO">Clicking element 'xpath=//*/div[3]/button[1]/span[1]'.</msg>
<status status="PASS" starttime="20230726 20:02:54.742" endtime="20230726 20:02:56.701"/>
</kw>
<status status="PASS" starttime="20230726 20:02:54.742" endtime="20230726 20:02:56.701"/>
</kw>
<status status="PASS" starttime="20230726 20:02:08.147" endtime="20230726 20:02:56.702"/>
</test>
<doc>Suite description #automated tests for scout website</doc>
<status status="PASS" starttime="20230726 20:02:08.014" endtime="20230726 20:02:56.705"/>
</suite>
<status status="PASS" starttime="20230726 20:02:07.998" endtime="20230726 20:02:56.706"/>
</suite>
<statistics>
<total>
<stat pass="1" fail="0" skip="0">All Tests</stat>
</total>
<tag>
</tag>
<suite>
<stat pass="1" fail="0" skip="0" id="s1" name="Weronika Robotframework">Weronika Robotframework</stat>
<stat pass="1" fail="0" skip="0" id="s1-s1" name="Test Login 1">Weronika Robotframework.Test Login 1</stat>
</suite>
</statistics>
<errors>
</errors>
</robot>
